{
  "RSpec": {
    "coverage": {
    },
    "timestamp": 1430881369
  },
  "Cucumber Features": {
    "coverage": {
      "/home/santi/Ing.Soft/batalla_naval/app/models/Board.rb": [
        1,
        1,
        1,
        null,
        1,
        null,
        null,
        1,
        130,
        null,
        null,
        1,
        1,
        1,
        null,
        null,
        1,
        4,
        4,
        4,
        4,
        null,
        null,
        null,
        1,
        3,
        3,
        null,
        null,
        null,
        1,
        8,
        8,
        8,
        4,
        null,
        null,
        8,
        null,
        null,
        1,
        16,
        16,
        16,
        16,
        null,
        null,
        1,
        0,
        0,
        null,
        null,
        null
      ],
      "/home/santi/Ing.Soft/batalla_naval/app/models/Components.rb": [
        1,
        1,
        null,
        null,
        null,
        1,
        1,
        4,
        null,
        null,
        null,
        1,
        null,
        1,
        null,
        1,
        5,
        null,
        null,
        null,
        null,
        null,
        1,
        null,
        1,
        1,
        null,
        null,
        1,
        0,
        null,
        null,
        null,
        null,
        null,
        1,
        null,
        1,
        null,
        1,
        4,
        4,
        null,
        null,
        1,
        4,
        4,
        1,
        null,
        3,
        null,
        null,
        null
      ]
    },
    "timestamp": 1430881371
  }
}
