{
  "RSpec": {
    "coverage": {
    },
    "timestamp": 1430877256
  },
  "Cucumber Features": {
    "coverage": {
      "/home/santi/Ing.Soft/batalla_naval/app/models/Board.rb": [
        1,
        1,
        1,
        null,
        1,
        null,
        null,
        1,
        104,
        null,
        null,
        1,
        1,
        null,
        null,
        1,
        3,
        3,
        3,
        null,
        null,
        null,
        1,
        3,
        null,
        null,
        null,
        1,
        4,
        4,
        2,
        null,
        null,
        4,
        null,
        null,
        null,
        null
      ],
      "/home/santi/Ing.Soft/batalla_naval/app/models/SmallShip.rb": [
        1,
        1,
        null,
        null,
        null,
        1,
        1,
        2,
        null,
        null,
        null,
        1,
        null,
        1,
        null,
        1,
        4,
        null,
        null,
        null,
        null,
        null,
        1,
        null,
        1,
        1,
        null,
        null,
        1,
        0,
        null,
        null,
        null,
        null,
        null,
        1,
        null,
        1,
        null,
        1,
        3,
        3,
        null,
        null,
        1,
        2,
        2,
        0,
        null,
        2,
        null,
        null,
        null
      ]
    },
    "timestamp": 1430877258
  }
}
