{
  "Cucumber Features": {
    "coverage": {
      "/home/santi/Ing.Soft/batalla_naval/app/models/Board.rb": [
        1,
        1,
        1,
        null,
        1,
        null,
        null,
        1,
        182,
        null,
        null,
        1,
        3,
        3,
        1,
        null,
        null,
        2,
        null,
        null,
        null,
        1,
        6,
        6,
        6,
        1,
        null,
        null,
        5,
        5,
        null,
        null,
        null,
        1,
        13,
        null,
        null,
        null,
        1,
        8,
        8,
        8,
        4,
        null,
        null,
        8,
        null,
        null,
        1,
        20,
        20,
        20,
        20,
        null,
        null,
        null
      ],
      "/home/santi/Ing.Soft/batalla_naval/app/models/Components.rb": [
        1,
        1,
        null,
        null,
        null,
        1,
        1,
        4,
        null,
        null,
        null,
        1,
        null,
        1,
        null,
        1,
        8,
        null,
        null,
        null,
        null,
        null,
        1,
        null,
        1,
        2,
        null,
        null,
        1,
        0,
        null,
        null,
        null,
        null,
        null,
        1,
        null,
        1,
        null,
        1,
        6,
        6,
        null,
        null,
        1,
        4,
        4,
        1,
        null,
        3,
        null,
        null,
        null
      ]
    },
    "timestamp": 1432260473
  },
  "RSpec": {
    "coverage": {
    },
    "timestamp": 1432260471
  }
}
